Performing C++ SOURCE FILE Test COMPILER_SUPPORTS_CXX11 failed with the following output:

Source file was:
int main() { return 0; }
Performing C++ SOURCE FILE Test COMPILER_SUPPORTS_CXX0X failed with the following output:

Source file was:
int main() { return 0; }
Determining if the pthread_create exist failed with the following output:
Change Dir: /home/tungteen/code/UETFastest/build/CMakeFiles/CMakeTmp

Run Build Command:"/usr/bin/make" "cmTC_07f83/fast"
make[1]: Entering directory '/home/tungteen/code/UETFastest/build/CMakeFiles/CMakeTmp'
/usr/bin/make -f CMakeFiles/cmTC_07f83.dir/build.make CMakeFiles/cmTC_07f83.dir/build
make[2]: Entering directory '/home/tungteen/code/UETFastest/build/CMakeFiles/CMakeTmp'
Building C object CMakeFiles/cmTC_07f83.dir/CheckSymbolExists.c.o
/usr/bin/cc     -o CMakeFiles/cmTC_07f83.dir/CheckSymbolExists.c.o   -c /home/tungteen/code/UETFastest/build/CMakeFiles/CMakeTmp/CheckSymbolExists.c
Linking C executable cmTC_07f83
/usr/bin/cmake -E cmake_link_script CMakeFiles/cmTC_07f83.dir/link.txt --verbose=1
/usr/bin/cc       CMakeFiles/cmTC_07f83.dir/CheckSymbolExists.c.o  -o cmTC_07f83 -rdynamic 
CMakeFiles/cmTC_07f83.dir/CheckSymbolExists.c.o: In function `main':
CheckSymbolExists.c:(.text+0x16): undefined reference to `pthread_create'
collect2: error: ld returned 1 exit status
CMakeFiles/cmTC_07f83.dir/build.make:97: recipe for target 'cmTC_07f83' failed
make[2]: *** [cmTC_07f83] Error 1
make[2]: Leaving directory '/home/tungteen/code/UETFastest/build/CMakeFiles/CMakeTmp'
Makefile:126: recipe for target 'cmTC_07f83/fast' failed
make[1]: *** [cmTC_07f83/fast] Error 2
make[1]: Leaving directory '/home/tungteen/code/UETFastest/build/CMakeFiles/CMakeTmp'

File /home/tungteen/code/UETFastest/build/CMakeFiles/CMakeTmp/CheckSymbolExists.c:
/* */
#include <pthread.h>

int main(int argc, char** argv)
{
  (void)argv;
#ifndef pthread_create
  return ((int*)(&pthread_create))[argc];
#else
  (void)argc;
  return 0;
#endif
}

Determining if the function pthread_create exists in the pthreads failed with the following output:
Change Dir: /home/tungteen/code/UETFastest/build/CMakeFiles/CMakeTmp

Run Build Command:"/usr/bin/make" "cmTC_b0e49/fast"
make[1]: Entering directory '/home/tungteen/code/UETFastest/build/CMakeFiles/CMakeTmp'
/usr/bin/make -f CMakeFiles/cmTC_b0e49.dir/build.make CMakeFiles/cmTC_b0e49.dir/build
make[2]: Entering directory '/home/tungteen/code/UETFastest/build/CMakeFiles/CMakeTmp'
Building C object CMakeFiles/cmTC_b0e49.dir/CheckFunctionExists.c.o
/usr/bin/cc    -DCHECK_FUNCTION_EXISTS=pthread_create   -o CMakeFiles/cmTC_b0e49.dir/CheckFunctionExists.c.o   -c /usr/share/cmake-3.5/Modules/CheckFunctionExists.c
Linking C executable cmTC_b0e49
/usr/bin/cmake -E cmake_link_script CMakeFiles/cmTC_b0e49.dir/link.txt --verbose=1
/usr/bin/cc   -DCHECK_FUNCTION_EXISTS=pthread_create    CMakeFiles/cmTC_b0e49.dir/CheckFunctionExists.c.o  -o cmTC_b0e49 -rdynamic -lpthreads 
/usr/bin/ld: cannot find -lpthreads
collect2: error: ld returned 1 exit status
CMakeFiles/cmTC_b0e49.dir/build.make:97: recipe for target 'cmTC_b0e49' failed
make[2]: *** [cmTC_b0e49] Error 1
make[2]: Leaving directory '/home/tungteen/code/UETFastest/build/CMakeFiles/CMakeTmp'
Makefile:126: recipe for target 'cmTC_b0e49/fast' failed
make[1]: *** [cmTC_b0e49/fast] Error 2
make[1]: Leaving directory '/home/tungteen/code/UETFastest/build/CMakeFiles/CMakeTmp'


